<?xml version="1.0" encoding="UTF-8"?>
<!-- Generated by org.testng.reporters.JUnitReportReporter -->
<testsuite skipped="0" hostname="Sachin-Sharma" name="com.qa.trcrm.tests.ContactsPageTest" tests="3" failures="0" timestamp="02 Jan 2023 18:24:32 GMT" time="126.069" errors="0">
  <testcase name="verifyContactpageHeaderTest" time="31.637" classname="com.qa.trcrm.tests.ContactsPageTest"/>
  <testcase name="verifyAddPersonTest" time="45.906" classname="com.qa.trcrm.tests.ContactsPageTest"/>
  <testcase name="verifyAddPersonTest" time="48.526" classname="com.qa.trcrm.tests.ContactsPageTest"/>
</testsuite> <!-- com.qa.trcrm.tests.ContactsPageTest -->
