<?xml version="1.0" encoding="UTF-8"?>
<!-- Generated by org.testng.reporters.JUnitReportReporter -->
<testsuite skipped="1" hostname="Sachin-Sharma" name="com.qa.trcrm.tests.LoginPageTest" tests="2" failures="0" timestamp="29 Dec 2022 06:12:44 GMT" time="10.845" errors="0">
  <testcase name="loginTest" time="10.845" classname="com.qa.trcrm.tests.LoginPageTest"/>
  <testcase name="login_InvalidTestCases" classname="com.qa.trcrm.tests.LoginPageTest">
    <skipped/>
  </testcase> <!-- login_InvalidTestCases -->
</testsuite> <!-- com.qa.trcrm.tests.LoginPageTest -->
