<?xml version="1.0" encoding="UTF-8"?>
<!-- Generated by org.testng.reporters.JUnitReportReporter -->
<testsuite skipped="1" hostname="Sachin-Sharma" name="com.qa.trcrm.tests.LoginPageTest" tests="2" failures="0" timestamp="30 Dec 2022 17:35:41 GMT" time="0.020" errors="0">
  <testcase name="verifyLoginPageTitleTest" time="0.020" classname="com.qa.trcrm.tests.LoginPageTest"/>
  <testcase name="login_InvalidTestCases" classname="com.qa.trcrm.tests.LoginPageTest">
    <skipped/>
  </testcase> <!-- login_InvalidTestCases -->
</testsuite> <!-- com.qa.trcrm.tests.LoginPageTest -->
